<?xml version="1.0" encoding="UTF-8"?>
<!-- Generated by org.testng.reporters.JUnitReportReporter -->
<testsuite hostname="Khan" failures="0" tests="3" name="TestPackage.CarLoan" time="0.008" errors="0" timestamp="9 Jan 2023 18:03:34 GMT">
  <testcase classname="TestPackage.CarLoan" name="CarLoanBranch" time="0.003"/>
  <testcase classname="TestPackage.CarLoan" name="CarLoanAPPLoging" time="0.003"/>
  <testcase classname="TestPackage.CarLoan" name="CarLoanWebloging" time="0.002"/>
</testsuite> <!-- TestPackage.CarLoan -->
