<?xml version="1.0" encoding="UTF-8"?>
<!-- Generated by org.testng.reporters.JUnitReportReporter -->
<testsuite hostname="Khan" failures="0" tests="3" name="TestPackage.CarBuy" time="0.030" errors="0" timestamp="9 Jan 2023 18:03:34 GMT">
  <testcase classname="TestPackage.CarBuy" name="CarBuyAPPLoging" time="0.016"/>
  <testcase classname="TestPackage.CarBuy" name="CarBuyBranch" time="0.011"/>
  <testcase classname="TestPackage.CarBuy" name="CarBuyWebloging" time="0.003"/>
</testsuite> <!-- TestPackage.CarBuy -->
