<?xml version="1.0" encoding="UTF-8"?>
<!-- Generated by org.testng.reporters.JUnitReportReporter -->
<testsuite hostname="Khan" failures="0" tests="3" name="TestPackage.SmartLaon" time="0.018" errors="0" timestamp="9 Jan 2023 18:03:34 GMT">
  <testcase classname="TestPackage.SmartLaon" name="SmartLoanBranch" time="0.011"/>
  <testcase classname="TestPackage.SmartLaon" name="SmartLoanWebloging" time="0.006"/>
  <testcase classname="TestPackage.SmartLaon" name="SmartLoanAPPLoging" time="0.001"/>
</testsuite> <!-- TestPackage.SmartLaon -->
