<?xml version="1.0" encoding="UTF-8"?>
<!-- Generated by org.testng.reporters.JUnitReportReporter -->
<testsuite hostname="Khan" failures="0" tests="3" name="TestPackage.MortgageLoan" time="0.012" errors="0" timestamp="9 Jan 2023 18:03:34 GMT">
  <testcase classname="TestPackage.MortgageLoan" name="MortgageLoanWebloging" time="0.002"/>
  <testcase classname="TestPackage.MortgageLoan" name="MortgageLoanBranch" time="0.007"/>
  <testcase classname="TestPackage.MortgageLoan" name="MortgageLoanAPPLoging" time="0.003"/>
</testsuite> <!-- TestPackage.MortgageLoan -->
