<?xml version="1.0" encoding="UTF-8"?>
<!-- Generated by org.testng.reporters.JUnitReportReporter -->
<testsuite hostname="Khan" failures="0" tests="3" name="TestPackage.FlexiLoan" time="0.008" errors="0" timestamp="9 Jan 2023 18:03:34 GMT">
  <testcase classname="TestPackage.FlexiLoan" name="FlexiLoanBranch" time="0.002"/>
  <testcase classname="TestPackage.FlexiLoan" name="FlexiLoanAPPLoging" time="0.003"/>
  <testcase classname="TestPackage.FlexiLoan" name="FlexiLoanWebloging" time="0.003"/>
</testsuite> <!-- TestPackage.FlexiLoan -->
