<?xml version="1.0" encoding="UTF-8"?>
<!-- Generated by org.testng.reporters.JUnitReportReporter -->
<testsuite hostname="Khan" failures="0" tests="3" name="TestPackage.FixedLoan" time="0.030" errors="0" timestamp="9 Jan 2023 18:03:34 GMT">
  <testcase classname="TestPackage.FixedLoan" name="FixedLoanWebloging" time="0.006"/>
  <testcase classname="TestPackage.FixedLoan" name="FixedLoanAPPLoging" time="0.020"/>
  <testcase classname="TestPackage.FixedLoan" name="FixedLoanBranch" time="0.004"/>
</testsuite> <!-- TestPackage.FixedLoan -->
